2015-09-23 09:42:26,990 [Worker-13] INFO  o.e.m.c.i.p.ProjectConfigurationManager - Collecting project info '/pom.xml' C:\Users\David\Documents\SpringWS\thehit\pom.xml
2015-09-23 09:42:29,173 [Worker-13] INFO  o.e.m.c.i.l.LifecycleMappingFactory - Using org.eclipse.m2e.jdt.JarLifecycleMapping lifecycle mapping for MavenProject: com:thehit:0.0.1-SNAPSHOT @ C:\Users\David\Documents\SpringWS\thehit\pom.xml.
2015-09-23 09:42:31,228 [Worker-13] INFO  o.e.m.j.i.AbstractJavaProjectConfigurator - Adding source folder /thehit/src/main/java
2015-09-23 09:42:31,239 [Worker-13] INFO  o.e.m.j.i.AbstractJavaProjectConfigurator - Adding source folder /thehit/src/test/java
2015-09-23 09:42:31,451 [Worker-13] INFO  o.e.m.c.i.p.ProjectConfigurationManager - Imported and configured 1 project(s) in 4 sec
2015-09-23 09:42:32,470 [Worker-13] INFO  o.e.m.c.i.embedder.EclipseLogger - Using 'UTF-8' encoding to copy filtered resources.
2015-09-23 09:42:32,470 [Worker-13] INFO  o.e.m.c.i.embedder.EclipseLogger - skip non existing resourceDirectory C:\Users\David\Documents\SpringWS\thehit\src\main\resources
2015-09-23 09:42:32,473 [Worker-13] INFO  o.e.m.c.i.embedder.EclipseLogger - Using 'UTF-8' encoding to copy filtered resources.
2015-09-23 09:42:32,473 [Worker-13] INFO  o.e.m.c.i.embedder.EclipseLogger - skip non existing resourceDirectory C:\Users\David\Documents\SpringWS\thehit\src\test\resources
2015-09-23 11:07:38,807 [Worker-15] INFO  o.e.m.c.i.embedder.EclipseLogger - Using 'UTF-8' encoding to copy filtered resources.
2015-09-23 11:07:38,808 [Worker-15] INFO  o.e.m.c.i.embedder.EclipseLogger - skip non existing resourceDirectory C:\Users\David\Documents\SpringWS\thehit\src\main\resources
2015-09-23 11:07:38,810 [Worker-15] INFO  o.e.m.c.i.embedder.EclipseLogger - Using 'UTF-8' encoding to copy filtered resources.
2015-09-23 11:07:38,810 [Worker-15] INFO  o.e.m.c.i.embedder.EclipseLogger - skip non existing resourceDirectory C:\Users\David\Documents\SpringWS\thehit\src\test\resources
2015-09-23 11:07:52,508 [Worker-15] INFO  o.e.m.c.i.embedder.EclipseLogger - Using 'UTF-8' encoding to copy filtered resources.
2015-09-23 11:07:52,508 [Worker-15] INFO  o.e.m.c.i.embedder.EclipseLogger - skip non existing resourceDirectory C:\Users\David\Documents\SpringWS\thehit\src\main\resources
2015-09-23 11:07:52,510 [Worker-15] INFO  o.e.m.c.i.embedder.EclipseLogger - Using 'UTF-8' encoding to copy filtered resources.
2015-09-23 11:07:52,520 [Worker-15] INFO  o.e.m.c.i.embedder.EclipseLogger - skip non existing resourceDirectory C:\Users\David\Documents\SpringWS\thehit\src\test\resources
2015-09-23 11:08:07,763 [Worker-20] INFO  o.e.m.c.i.embedder.EclipseLogger - Using 'UTF-8' encoding to copy filtered resources.
2015-09-23 11:08:07,763 [Worker-20] INFO  o.e.m.c.i.embedder.EclipseLogger - skip non existing resourceDirectory C:\Users\David\Documents\SpringWS\thehit\src\main\resources
2015-09-23 11:08:07,766 [Worker-20] INFO  o.e.m.c.i.embedder.EclipseLogger - Using 'UTF-8' encoding to copy filtered resources.
2015-09-23 11:08:07,768 [Worker-20] INFO  o.e.m.c.i.embedder.EclipseLogger - skip non existing resourceDirectory C:\Users\David\Documents\SpringWS\thehit\src\test\resources
2015-09-23 11:08:31,549 [Worker-20] INFO  o.e.m.c.i.embedder.EclipseLogger - Using 'UTF-8' encoding to copy filtered resources.
2015-09-23 11:08:31,565 [Worker-20] INFO  o.e.m.c.i.embedder.EclipseLogger - skip non existing resourceDirectory C:\Users\David\Documents\SpringWS\thehit\src\main\resources
2015-09-23 11:08:31,570 [Worker-20] INFO  o.e.m.c.i.embedder.EclipseLogger - Using 'UTF-8' encoding to copy filtered resources.
2015-09-23 11:08:31,582 [Worker-20] INFO  o.e.m.c.i.embedder.EclipseLogger - skip non existing resourceDirectory C:\Users\David\Documents\SpringWS\thehit\src\test\resources
2015-09-23 11:08:32,659 [Worker-0] INFO  o.e.m.c.i.embedder.EclipseLogger - Using 'UTF-8' encoding to copy filtered resources.
2015-09-23 11:08:32,659 [Worker-0] INFO  o.e.m.c.i.embedder.EclipseLogger - skip non existing resourceDirectory C:\Users\David\Documents\SpringWS\thehit\src\main\resources
2015-09-23 11:08:32,660 [Worker-0] INFO  o.e.m.c.i.embedder.EclipseLogger - Using 'UTF-8' encoding to copy filtered resources.
2015-09-23 11:08:32,678 [Worker-0] INFO  o.e.m.c.i.embedder.EclipseLogger - skip non existing resourceDirectory C:\Users\David\Documents\SpringWS\thehit\src\test\resources
2015-09-23 11:08:42,725 [Worker-19] INFO  o.e.m.c.i.embedder.EclipseLogger - Using 'UTF-8' encoding to copy filtered resources.
2015-09-23 11:08:42,727 [Worker-19] INFO  o.e.m.c.i.embedder.EclipseLogger - skip non existing resourceDirectory C:\Users\David\Documents\SpringWS\thehit\src\main\resources
2015-09-23 11:08:42,730 [Worker-19] INFO  o.e.m.c.i.embedder.EclipseLogger - Using 'UTF-8' encoding to copy filtered resources.
2015-09-23 11:08:42,733 [Worker-19] INFO  o.e.m.c.i.embedder.EclipseLogger - skip non existing resourceDirectory C:\Users\David\Documents\SpringWS\thehit\src\test\resources
2015-09-23 11:09:11,396 [Worker-21] INFO  o.e.m.c.i.embedder.EclipseLogger - Using 'UTF-8' encoding to copy filtered resources.
2015-09-23 11:09:11,396 [Worker-21] INFO  o.e.m.c.i.embedder.EclipseLogger - skip non existing resourceDirectory C:\Users\David\Documents\SpringWS\thehit\src\main\resources
2015-09-23 11:09:11,397 [Worker-21] INFO  o.e.m.c.i.embedder.EclipseLogger - Using 'UTF-8' encoding to copy filtered resources.
2015-09-23 11:09:11,413 [Worker-21] INFO  o.e.m.c.i.embedder.EclipseLogger - skip non existing resourceDirectory C:\Users\David\Documents\SpringWS\thehit\src\test\resources
2015-09-23 11:09:17,525 [Worker-20] INFO  o.e.m.c.i.embedder.EclipseLogger - Using 'UTF-8' encoding to copy filtered resources.
2015-09-23 11:09:17,529 [Worker-20] INFO  o.e.m.c.i.embedder.EclipseLogger - skip non existing resourceDirectory C:\Users\David\Documents\SpringWS\thehit\src\main\resources
2015-09-23 11:09:17,536 [Worker-20] INFO  o.e.m.c.i.embedder.EclipseLogger - Using 'UTF-8' encoding to copy filtered resources.
2015-09-23 11:09:17,540 [Worker-20] INFO  o.e.m.c.i.embedder.EclipseLogger - skip non existing resourceDirectory C:\Users\David\Documents\SpringWS\thehit\src\test\resources
2015-09-23 11:09:45,483 [Worker-21] INFO  o.e.m.c.i.embedder.EclipseLogger - Using 'UTF-8' encoding to copy filtered resources.
2015-09-23 11:09:45,484 [Worker-21] INFO  o.e.m.c.i.embedder.EclipseLogger - skip non existing resourceDirectory C:\Users\David\Documents\SpringWS\thehit\src\main\resources
2015-09-23 11:09:45,488 [Worker-21] INFO  o.e.m.c.i.embedder.EclipseLogger - Using 'UTF-8' encoding to copy filtered resources.
2015-09-23 11:09:45,492 [Worker-21] INFO  o.e.m.c.i.embedder.EclipseLogger - skip non existing resourceDirectory C:\Users\David\Documents\SpringWS\thehit\src\test\resources
2015-09-23 11:09:51,250 [Worker-0] INFO  o.e.m.c.i.embedder.EclipseLogger - Using 'UTF-8' encoding to copy filtered resources.
2015-09-23 11:09:51,252 [Worker-0] INFO  o.e.m.c.i.embedder.EclipseLogger - skip non existing resourceDirectory C:\Users\David\Documents\SpringWS\thehit\src\main\resources
2015-09-23 11:09:51,255 [Worker-0] INFO  o.e.m.c.i.embedder.EclipseLogger - Using 'UTF-8' encoding to copy filtered resources.
2015-09-23 11:09:51,258 [Worker-0] INFO  o.e.m.c.i.embedder.EclipseLogger - skip non existing resourceDirectory C:\Users\David\Documents\SpringWS\thehit\src\test\resources
2015-09-23 11:10:02,402 [Worker-21] INFO  o.e.m.c.i.embedder.EclipseLogger - Using 'UTF-8' encoding to copy filtered resources.
2015-09-23 11:10:02,402 [Worker-21] INFO  o.e.m.c.i.embedder.EclipseLogger - skip non existing resourceDirectory C:\Users\David\Documents\SpringWS\thehit\src\main\resources
2015-09-23 11:10:02,403 [Worker-21] INFO  o.e.m.c.i.embedder.EclipseLogger - Using 'UTF-8' encoding to copy filtered resources.
2015-09-23 11:10:02,406 [Worker-21] INFO  o.e.m.c.i.embedder.EclipseLogger - skip non existing resourceDirectory C:\Users\David\Documents\SpringWS\thehit\src\test\resources
2015-09-23 11:10:06,246 [Worker-23] INFO  o.e.m.c.i.embedder.EclipseLogger - Using 'UTF-8' encoding to copy filtered resources.
2015-09-23 11:10:06,249 [Worker-23] INFO  o.e.m.c.i.embedder.EclipseLogger - skip non existing resourceDirectory C:\Users\David\Documents\SpringWS\thehit\src\main\resources
2015-09-23 11:10:06,252 [Worker-23] INFO  o.e.m.c.i.embedder.EclipseLogger - Using 'UTF-8' encoding to copy filtered resources.
2015-09-23 11:10:06,255 [Worker-23] INFO  o.e.m.c.i.embedder.EclipseLogger - skip non existing resourceDirectory C:\Users\David\Documents\SpringWS\thehit\src\test\resources
2015-09-23 11:11:34,308 [Worker-15] INFO  o.e.m.c.i.embedder.EclipseLogger - Using 'UTF-8' encoding to copy filtered resources.
2015-09-23 11:11:34,308 [Worker-15] INFO  o.e.m.c.i.embedder.EclipseLogger - skip non existing resourceDirectory C:\Users\David\Documents\SpringWS\thehit\src\main\resources
2015-09-23 11:11:34,309 [Worker-15] INFO  o.e.m.c.i.embedder.EclipseLogger - Using 'UTF-8' encoding to copy filtered resources.
2015-09-23 11:11:34,311 [Worker-15] INFO  o.e.m.c.i.embedder.EclipseLogger - skip non existing resourceDirectory C:\Users\David\Documents\SpringWS\thehit\src\test\resources
2015-09-23 11:11:59,235 [Worker-50] INFO  o.e.m.c.i.embedder.EclipseLogger - Using 'UTF-8' encoding to copy filtered resources.
2015-09-23 11:11:59,246 [Worker-50] INFO  o.e.m.c.i.embedder.EclipseLogger - skip non existing resourceDirectory C:\Users\David\Documents\SpringWS\thehit\src\main\resources
2015-09-23 11:11:59,254 [Worker-50] INFO  o.e.m.c.i.embedder.EclipseLogger - Using 'UTF-8' encoding to copy filtered resources.
2015-09-23 11:11:59,258 [Worker-50] INFO  o.e.m.c.i.embedder.EclipseLogger - skip non existing resourceDirectory C:\Users\David\Documents\SpringWS\thehit\src\test\resources
2015-09-23 11:13:46,357 [Worker-50] INFO  o.e.m.c.i.embedder.EclipseLogger - Using 'UTF-8' encoding to copy filtered resources.
2015-09-23 11:13:46,357 [Worker-50] INFO  o.e.m.c.i.embedder.EclipseLogger - skip non existing resourceDirectory C:\Users\David\Documents\SpringWS\thehit\src\main\resources
2015-09-23 11:13:46,359 [Worker-50] INFO  o.e.m.c.i.embedder.EclipseLogger - Using 'UTF-8' encoding to copy filtered resources.
2015-09-23 11:13:46,363 [Worker-50] INFO  o.e.m.c.i.embedder.EclipseLogger - skip non existing resourceDirectory C:\Users\David\Documents\SpringWS\thehit\src\test\resources
2015-09-23 11:14:12,008 [Worker-50] INFO  o.e.m.c.i.embedder.EclipseLogger - Using 'UTF-8' encoding to copy filtered resources.
2015-09-23 11:14:12,012 [Worker-50] INFO  o.e.m.c.i.embedder.EclipseLogger - skip non existing resourceDirectory C:\Users\David\Documents\SpringWS\thehit\src\main\resources
2015-09-23 11:14:12,020 [Worker-50] INFO  o.e.m.c.i.embedder.EclipseLogger - Using 'UTF-8' encoding to copy filtered resources.
2015-09-23 11:14:12,024 [Worker-50] INFO  o.e.m.c.i.embedder.EclipseLogger - skip non existing resourceDirectory C:\Users\David\Documents\SpringWS\thehit\src\test\resources
2015-09-23 11:14:30,257 [Worker-53] INFO  o.e.m.c.i.embedder.EclipseLogger - Using 'UTF-8' encoding to copy filtered resources.
2015-09-23 11:14:30,257 [Worker-53] INFO  o.e.m.c.i.embedder.EclipseLogger - skip non existing resourceDirectory C:\Users\David\Documents\SpringWS\thehit\src\main\resources
2015-09-23 11:14:30,258 [Worker-53] INFO  o.e.m.c.i.embedder.EclipseLogger - Using 'UTF-8' encoding to copy filtered resources.
2015-09-23 11:14:30,262 [Worker-53] INFO  o.e.m.c.i.embedder.EclipseLogger - skip non existing resourceDirectory C:\Users\David\Documents\SpringWS\thehit\src\test\resources
2015-09-23 11:14:46,008 [Worker-52] INFO  o.e.m.c.i.embedder.EclipseLogger - Using 'UTF-8' encoding to copy filtered resources.
2015-09-23 11:14:46,011 [Worker-52] INFO  o.e.m.c.i.embedder.EclipseLogger - skip non existing resourceDirectory C:\Users\David\Documents\SpringWS\thehit\src\main\resources
2015-09-23 11:14:46,014 [Worker-52] INFO  o.e.m.c.i.embedder.EclipseLogger - Using 'UTF-8' encoding to copy filtered resources.
2015-09-23 11:14:46,017 [Worker-52] INFO  o.e.m.c.i.embedder.EclipseLogger - skip non existing resourceDirectory C:\Users\David\Documents\SpringWS\thehit\src\test\resources
2015-09-23 11:15:32,423 [Worker-57] INFO  o.e.m.c.i.embedder.EclipseLogger - Using 'UTF-8' encoding to copy filtered resources.
2015-09-23 11:15:32,423 [Worker-57] INFO  o.e.m.c.i.embedder.EclipseLogger - skip non existing resourceDirectory C:\Users\David\Documents\SpringWS\thehit\src\main\resources
2015-09-23 11:15:32,424 [Worker-57] INFO  o.e.m.c.i.embedder.EclipseLogger - Using 'UTF-8' encoding to copy filtered resources.
2015-09-23 11:15:32,427 [Worker-57] INFO  o.e.m.c.i.embedder.EclipseLogger - skip non existing resourceDirectory C:\Users\David\Documents\SpringWS\thehit\src\test\resources
2015-09-23 11:15:46,578 [Worker-51] INFO  o.e.m.c.i.embedder.EclipseLogger - Using 'UTF-8' encoding to copy filtered resources.
2015-09-23 11:15:46,581 [Worker-51] INFO  o.e.m.c.i.embedder.EclipseLogger - skip non existing resourceDirectory C:\Users\David\Documents\SpringWS\thehit\src\main\resources
2015-09-23 11:15:46,585 [Worker-51] INFO  o.e.m.c.i.embedder.EclipseLogger - Using 'UTF-8' encoding to copy filtered resources.
2015-09-23 11:15:46,589 [Worker-51] INFO  o.e.m.c.i.embedder.EclipseLogger - skip non existing resourceDirectory C:\Users\David\Documents\SpringWS\thehit\src\test\resources
2015-09-23 16:45:07,355 [Worker-104] INFO  o.e.m.c.i.embedder.EclipseLogger - Using 'UTF-8' encoding to copy filtered resources.
2015-09-23 16:45:07,356 [Worker-104] INFO  o.e.m.c.i.embedder.EclipseLogger - skip non existing resourceDirectory C:\Users\David\Documents\SpringWS\thehit\src\main\resources
2015-09-23 16:45:07,357 [Worker-104] INFO  o.e.m.c.i.embedder.EclipseLogger - Using 'UTF-8' encoding to copy filtered resources.
2015-09-23 16:45:07,359 [Worker-104] INFO  o.e.m.c.i.embedder.EclipseLogger - skip non existing resourceDirectory C:\Users\David\Documents\SpringWS\thehit\src\test\resources
2015-09-23 16:47:58,617 [Worker-106] INFO  o.e.m.c.i.embedder.EclipseLogger - Using 'UTF-8' encoding to copy filtered resources.
2015-09-23 16:47:58,621 [Worker-106] INFO  o.e.m.c.i.embedder.EclipseLogger - skip non existing resourceDirectory C:\Users\David\Documents\SpringWS\thehit\src\main\resources
2015-09-23 16:47:58,627 [Worker-106] INFO  o.e.m.c.i.embedder.EclipseLogger - Using 'UTF-8' encoding to copy filtered resources.
2015-09-23 16:47:58,630 [Worker-106] INFO  o.e.m.c.i.embedder.EclipseLogger - skip non existing resourceDirectory C:\Users\David\Documents\SpringWS\thehit\src\test\resources
2015-09-23 16:49:47,855 [Worker-105] INFO  o.e.m.c.i.embedder.EclipseLogger - Using 'UTF-8' encoding to copy filtered resources.
2015-09-23 16:49:47,856 [Worker-105] INFO  o.e.m.c.i.embedder.EclipseLogger - skip non existing resourceDirectory C:\Users\David\Documents\SpringWS\thehit\src\main\resources
2015-09-23 16:49:47,856 [Worker-105] INFO  o.e.m.c.i.embedder.EclipseLogger - Using 'UTF-8' encoding to copy filtered resources.
2015-09-23 16:49:47,859 [Worker-105] INFO  o.e.m.c.i.embedder.EclipseLogger - skip non existing resourceDirectory C:\Users\David\Documents\SpringWS\thehit\src\test\resources
2015-09-23 16:50:39,302 [Worker-107] INFO  o.e.m.c.i.embedder.EclipseLogger - Using 'UTF-8' encoding to copy filtered resources.
2015-09-23 16:50:39,305 [Worker-107] INFO  o.e.m.c.i.embedder.EclipseLogger - skip non existing resourceDirectory C:\Users\David\Documents\SpringWS\thehit\src\main\resources
2015-09-23 16:50:39,308 [Worker-107] INFO  o.e.m.c.i.embedder.EclipseLogger - Using 'UTF-8' encoding to copy filtered resources.
2015-09-23 16:50:39,311 [Worker-107] INFO  o.e.m.c.i.embedder.EclipseLogger - skip non existing resourceDirectory C:\Users\David\Documents\SpringWS\thehit\src\test\resources
2015-09-23 16:51:09,909 [Worker-108] INFO  o.e.m.c.i.embedder.EclipseLogger - Using 'UTF-8' encoding to copy filtered resources.
2015-09-23 16:51:09,910 [Worker-108] INFO  o.e.m.c.i.embedder.EclipseLogger - skip non existing resourceDirectory C:\Users\David\Documents\SpringWS\thehit\src\main\resources
2015-09-23 16:51:09,910 [Worker-108] INFO  o.e.m.c.i.embedder.EclipseLogger - Using 'UTF-8' encoding to copy filtered resources.
2015-09-23 16:51:09,914 [Worker-108] INFO  o.e.m.c.i.embedder.EclipseLogger - skip non existing resourceDirectory C:\Users\David\Documents\SpringWS\thehit\src\test\resources
2015-09-23 16:51:32,278 [Worker-107] INFO  o.e.m.c.i.embedder.EclipseLogger - Using 'UTF-8' encoding to copy filtered resources.
2015-09-23 16:51:32,281 [Worker-107] INFO  o.e.m.c.i.embedder.EclipseLogger - skip non existing resourceDirectory C:\Users\David\Documents\SpringWS\thehit\src\main\resources
2015-09-23 16:51:32,284 [Worker-107] INFO  o.e.m.c.i.embedder.EclipseLogger - Using 'UTF-8' encoding to copy filtered resources.
2015-09-23 16:51:32,288 [Worker-107] INFO  o.e.m.c.i.embedder.EclipseLogger - skip non existing resourceDirectory C:\Users\David\Documents\SpringWS\thehit\src\test\resources
